<?xml version="1.0" encoding="UTF-8"?>
<robot generator="Robot 3.2.2 (Python 3.7.7 on win32)" generated="20211024 22:37:18.730" rpa="false">
<suite id="s1" name="Purchase" source="C:\AutomationRobot\Purchase.robot">
<kw name="Navigate To Homepage And Click Sign In" library="purchase_resource" type="setup">
<kw name="Open Browser" library="SeleniumLibrary">
<doc>Opens a new browser instance to the optional ``url``.</doc>
<arguments>
<arg>${URL}</arg>
<arg>${BROWSER}</arg>
</arguments>
<msg timestamp="20211024 22:37:19.809" level="INFO">Opening browser 'chrome' to base url 'http://automationpractice.com/index.php'.</msg>
<kw name="Capture Page Screenshot" library="SeleniumLibrary">
<doc>Takes a screenshot of the current page and embeds it into a log file.</doc>
<msg timestamp="20211024 22:37:25.408" level="INFO">Cannot capture screenshot because no browser is open.</msg>
<status status="PASS" starttime="20211024 22:37:25.407" endtime="20211024 22:37:25.408"></status>
</kw>
<msg timestamp="20211024 22:37:25.418" level="FAIL">SessionNotCreatedException: Message: session not created: This version of ChromeDriver only supports Chrome version 89
Current browser version is 94.0.4606.81 with binary path C:\Program Files\Google\Chrome\Application\chrome.exe
</msg>
<status status="FAIL" starttime="20211024 22:37:19.808" endtime="20211024 22:37:25.419"></status>
</kw>
<status status="FAIL" starttime="20211024 22:37:19.808" endtime="20211024 22:37:25.419"></status>
</kw>
<test id="s1-t1" name="Purchase items from the store">
<status status="FAIL" starttime="20211024 22:37:25.419" endtime="20211024 22:37:25.421" critical="yes">Parent suite setup failed:
SessionNotCreatedException: Message: session not created: This version of ChromeDriver only supports Chrome version 89
Current browser version is 94.0.4606.81 with binary path C:\Program Files\Google\Chrome\Application\chrome.exe
</status>
</test>
<kw name="Close All Browsers" library="SeleniumLibrary" type="teardown">
<doc>Closes all open browsers and resets the browser cache.</doc>
<status status="PASS" starttime="20211024 22:37:25.423" endtime="20211024 22:37:25.424"></status>
</kw>
<status status="FAIL" starttime="20211024 22:37:18.733" endtime="20211024 22:37:25.424">Suite setup failed:
SessionNotCreatedException: Message: session not created: This version of ChromeDriver only supports Chrome version 89
Current browser version is 94.0.4606.81 with binary path C:\Program Files\Google\Chrome\Application\chrome.exe
</status>
</suite>
<statistics>
<total>
<stat pass="0" fail="1">Critical Tests</stat>
<stat pass="0" fail="1">All Tests</stat>
</total>
<tag>
</tag>
<suite>
<stat pass="0" fail="1" id="s1" name="Purchase">Purchase</stat>
</suite>
</statistics>
<errors>
</errors>
</robot>
